============================================================
Time  2020/08/03 16:53:24 193 
============================================================
[2020/08/03 16:53:24 193] lgi        684  SYS_MSG_LOAD  
[2020/08/03 16:53:24 193] lgi        706  SYS_MSG_REGCB  msp_status_cb  func(bc013690) 
[2020/08/03 16:53:24 193] lgi        298  LGI_MSG_INIT  
[2020/08/03 16:53:24 193] lgi        305  lgi  lgi_  268436457  1573451739  
[2020/08/03 16:53:24 193] lgi        347  work_dir  .  
[2020/08/03 16:53:24 193] lgi        403  token:  nil  
[2020/08/03 16:53:24 193] lgi        476  msc cver : 5.0.44.1288  
[2020/08/03 16:53:24 194] lgi        519  ns_enable=  1  
[2020/08/03 16:53:24 194] lgi        531  prot_ver=1  
[2020/08/03 16:53:24 194] lgi        542  prot_type=tcp  
[2020/08/03 16:53:24 194] lgi        693  SYS_MSG_UNLOAD  go bg!  
[2020/08/03 16:53:24 626] lgi        697  SYS_MSG_SHUTDOWN  
============================================================
Time  2020/08/03 17:05:56 752 
============================================================
[2020/08/03 17:05:56 753] lgi        684  SYS_MSG_LOAD  
[2020/08/03 17:05:56 753] lgi        706  SYS_MSG_REGCB  msp_status_cb  func(40053270) 
[2020/08/03 17:05:56 753] lgi        298  LGI_MSG_INIT  
[2020/08/03 17:05:56 753] lgi        305  lgi  lgi_  268436457  1573451739  
[2020/08/03 17:05:56 753] lgi        347  work_dir  .  
[2020/08/03 17:05:56 753] lgi        403  token:  nil  
[2020/08/03 17:05:56 753] lgi        476  msc cver : 5.0.44.1288  
[2020/08/03 17:05:56 753] lgi        519  ns_enable=  1  
[2020/08/03 17:05:56 753] lgi        531  prot_ver=1  
[2020/08/03 17:05:56 753] lgi        542  prot_type=tcp  
[2020/08/03 17:05:56 754] lgi        693  SYS_MSG_UNLOAD  go bg!  
[2020/08/03 17:05:57 180] lgi        697  SYS_MSG_SHUTDOWN  
============================================================
Time  2020/08/03 17:07:39 489 
============================================================
[2020/08/03 17:07:39 489] lgi        684  SYS_MSG_LOAD  
[2020/08/03 17:07:39 490] lgi        706  SYS_MSG_REGCB  msp_status_cb  func(dc013690) 
[2020/08/03 17:07:39 490] lgi        298  LGI_MSG_INIT  
[2020/08/03 17:07:39 490] lgi        305  lgi  lgi_  268436457  1573451739  
[2020/08/03 17:07:39 490] lgi        347  work_dir  .  
[2020/08/03 17:07:39 490] lgi        403  token:  nil  
[2020/08/03 17:07:39 490] lgi        476  msc cver : 5.0.44.1288  
[2020/08/03 17:07:39 490] lgi        519  ns_enable=  1  
[2020/08/03 17:07:39 490] lgi        531  prot_ver=1  
[2020/08/03 17:07:39 490] lgi        542  prot_type=tcp  
[2020/08/03 17:07:39 490] lgi        693  SYS_MSG_UNLOAD  go bg!  
[2020/08/03 17:07:39 900] lgi        697  SYS_MSG_SHUTDOWN  
============================================================
Time  2020/08/03 17:09:47 778 
============================================================
[2020/08/03 17:09:47 778] lgi        684  SYS_MSG_LOAD  
[2020/08/03 17:09:47 778] lgi        706  SYS_MSG_REGCB  msp_status_cb  func(30053280) 
[2020/08/03 17:09:47 778] lgi        298  LGI_MSG_INIT  
[2020/08/03 17:09:47 778] lgi        305  lgi  lgi_  268436457  1573451739  
[2020/08/03 17:09:47 779] lgi        347  work_dir  .  
[2020/08/03 17:09:47 779] lgi        403  token:  nil  
[2020/08/03 17:09:47 779] lgi        476  msc cver : 5.0.44.1288  
[2020/08/03 17:09:47 779] lgi        519  ns_enable=  1  
[2020/08/03 17:09:47 779] lgi        531  prot_ver=1  
[2020/08/03 17:09:47 779] lgi        542  prot_type=tcp  
[2020/08/03 17:09:47 779] lgi        693  SYS_MSG_UNLOAD  go bg!  
[2020/08/03 17:09:48 193] lgi        697  SYS_MSG_SHUTDOWN  
============================================================
Time  2020/08/03 17:15:55 079 
============================================================
[2020/08/03 17:15:55 079] lgi        684  SYS_MSG_LOAD  
[2020/08/03 17:15:55 080] lgi        706  SYS_MSG_REGCB  msp_status_cb  func(18053270) 
[2020/08/03 17:15:55 080] lgi        298  LGI_MSG_INIT  
[2020/08/03 17:15:55 080] lgi        305  lgi  lgi_  268436457  1573451739  
[2020/08/03 17:15:55 080] lgi        347  work_dir  .  
[2020/08/03 17:15:55 080] lgi        403  token:  nil  
[2020/08/03 17:15:55 080] lgi        476  msc cver : 5.0.44.1288  
[2020/08/03 17:15:55 080] lgi        519  ns_enable=  1  
[2020/08/03 17:15:55 080] lgi        531  prot_ver=1  
[2020/08/03 17:15:55 080] lgi        542  prot_type=tcp  
[2020/08/03 17:15:55 081] lgi        693  SYS_MSG_UNLOAD  go bg!  
[2020/08/03 17:15:55 502] lgi        697  SYS_MSG_SHUTDOWN  
============================================================
Time  2020/08/03 17:43:05 625 
============================================================
[2020/08/03 17:43:05 625] lgi        684  SYS_MSG_LOAD  
[2020/08/03 17:43:05 625] lgi        706  SYS_MSG_REGCB  msp_status_cb  func(60013690) 
[2020/08/03 17:43:05 625] lgi        298  LGI_MSG_INIT  
[2020/08/03 17:43:05 626] lgi        305  lgi  lgi_  268436457  1573451739  
[2020/08/03 17:43:05 626] lgi        347  work_dir  .  
[2020/08/03 17:43:05 626] lgi        403  token:  nil  
[2020/08/03 17:43:05 626] lgi        476  msc cver : 5.0.44.1288  
[2020/08/03 17:43:05 626] lgi        519  ns_enable=  1  
[2020/08/03 17:43:05 626] lgi        531  prot_ver=1  
[2020/08/03 17:43:05 626] lgi        542  prot_type=tcp  
[2020/08/03 17:43:05 626] lgi        693  SYS_MSG_UNLOAD  go bg!  
[2020/08/03 17:43:06 054] lgi        697  SYS_MSG_SHUTDOWN  
============================================================
Time  2020/08/03 17:44:57 948 
============================================================
[2020/08/03 17:44:57 948] lgi        684  SYS_MSG_LOAD  
[2020/08/03 17:44:57 949] lgi        706  SYS_MSG_REGCB  msp_status_cb  func(a0013690) 
[2020/08/03 17:44:57 949] lgi        298  LGI_MSG_INIT  
[2020/08/03 17:44:57 949] lgi        305  lgi  lgi_  268436457  1573451739  
[2020/08/03 17:44:57 949] lgi        347  work_dir  .  
[2020/08/03 17:44:57 949] lgi        403  token:  nil  
[2020/08/03 17:44:57 949] lgi        476  msc cver : 5.0.44.1288  
[2020/08/03 17:44:57 949] lgi        519  ns_enable=  1  
[2020/08/03 17:44:57 949] lgi        531  prot_ver=1  
[2020/08/03 17:44:57 949] lgi        542  prot_type=tcp  
[2020/08/03 17:44:57 949] lgi        693  SYS_MSG_UNLOAD  go bg!  
[2020/08/03 17:44:58 403] lgi        697  SYS_MSG_SHUTDOWN  
============================================================
Time  2020/08/08 12:42:42 769 
============================================================
[2020/08/08 12:42:42 769] lgi        684  SYS_MSG_LOAD  
[2020/08/08 12:42:42 770] lgi        706  SYS_MSG_REGCB  msp_status_cb  func(bc013690) 
[2020/08/08 12:42:42 770] lgi        298  LGI_MSG_INIT  
[2020/08/08 12:42:42 770] lgi        305  lgi  lgi_  268436457  1573451739  
[2020/08/08 12:42:42 770] lgi        347  work_dir  .  
[2020/08/08 12:42:42 770] lgi        403  token:  nil  
[2020/08/08 12:42:42 770] lgi        476  msc cver : 5.0.44.1288  
[2020/08/08 12:42:42 770] lgi        519  ns_enable=  1  
[2020/08/08 12:42:42 770] lgi        531  prot_ver=1  
[2020/08/08 12:42:42 770] lgi        542  prot_type=tcp  
[2020/08/08 12:42:42 770] lgi        693  SYS_MSG_UNLOAD  go bg!  
[2020/08/08 12:42:43 161] lgi        697  SYS_MSG_SHUTDOWN  
============================================================
Time  2020/08/15 09:35:18 298 
============================================================
[2020/08/15 09:35:18 298] lgi        684  SYS_MSG_LOAD  
[2020/08/15 09:35:18 299] lgi        706  SYS_MSG_REGCB  msp_status_cb  func(e8013690) 
[2020/08/15 09:35:18 300] lgi        298  LGI_MSG_INIT  
[2020/08/15 09:35:18 300] lgi        305  lgi  lgi_  268436457  1573451739  
[2020/08/15 09:35:18 300] lgi        347  work_dir  .  
[2020/08/15 09:35:18 300] lgi        403  token:  nil  
[2020/08/15 09:35:18 300] lgi        476  msc cver : 5.0.44.1288  
[2020/08/15 09:35:18 300] lgi        519  ns_enable=  1  
[2020/08/15 09:35:18 300] lgi        531  prot_ver=1  
[2020/08/15 09:35:18 300] lgi        542  prot_type=tcp  
[2020/08/15 09:35:18 300] lgi        693  SYS_MSG_UNLOAD  go bg!  
[2020/08/15 09:35:18 773] lgi        697  SYS_MSG_SHUTDOWN  
============================================================
Time  2020/08/15 10:24:33 777 
============================================================
[2020/08/15 10:24:33 777] lgi        684  SYS_MSG_LOAD  
[2020/08/15 10:24:33 777] lgi        706  SYS_MSG_REGCB  msp_status_cb  func(d80136b0) 
[2020/08/15 10:24:33 778] lgi        298  LGI_MSG_INIT  
[2020/08/15 10:24:33 778] lgi        305  lgi  lgi_  268436457  1573451739  
[2020/08/15 10:24:33 778] lgi        347  work_dir  .  
[2020/08/15 10:24:33 778] lgi        403  token:  nil  
[2020/08/15 10:24:33 778] lgi        476  msc cver : 5.0.44.1288  
[2020/08/15 10:24:33 778] lgi        519  ns_enable=  1  
[2020/08/15 10:24:33 778] lgi        531  prot_ver=1  
[2020/08/15 10:24:33 778] lgi        542  prot_type=tcp  
[2020/08/15 10:24:33 778] lgi        693  SYS_MSG_UNLOAD  go bg!  
[2020/08/15 10:24:34 646] lgi        697  SYS_MSG_SHUTDOWN  
============================================================
Time  2020/08/15 10:25:11 855 
============================================================
[2020/08/15 10:25:11 855] lgi        684  SYS_MSG_LOAD  
[2020/08/15 10:25:11 857] lgi        706  SYS_MSG_REGCB  msp_status_cb  func(a40136b0) 
[2020/08/15 10:25:11 858] lgi        298  LGI_MSG_INIT  
[2020/08/15 10:25:11 858] lgi        305  lgi  lgi_  268436457  1573451739  
[2020/08/15 10:25:11 858] lgi        347  work_dir  .  
[2020/08/15 10:25:11 858] lgi        403  token:  nil  
[2020/08/15 10:25:11 858] lgi        476  msc cver : 5.0.44.1288  
[2020/08/15 10:25:11 859] lgi        519  ns_enable=  1  
[2020/08/15 10:25:11 859] lgi        531  prot_ver=1  
[2020/08/15 10:25:11 859] lgi        542  prot_type=tcp  
[2020/08/15 10:25:11 863] lgi        693  SYS_MSG_UNLOAD  go bg!  
[2020/08/15 10:25:12 704] lgi        697  SYS_MSG_SHUTDOWN  
============================================================
Time  2020/08/15 10:25:42 979 
============================================================
[2020/08/15 10:25:42 979] lgi        684  SYS_MSG_LOAD  
[2020/08/15 10:25:42 981] lgi        706  SYS_MSG_REGCB  msp_status_cb  func(440136b0) 
[2020/08/15 10:25:42 981] lgi        298  LGI_MSG_INIT  
[2020/08/15 10:25:42 981] lgi        305  lgi  lgi_  268436457  1573451739  
[2020/08/15 10:25:42 981] lgi        347  work_dir  .  
[2020/08/15 10:25:42 982] lgi        403  token:  nil  
[2020/08/15 10:25:42 982] lgi        476  msc cver : 5.0.44.1288  
[2020/08/15 10:25:42 982] lgi        519  ns_enable=  1  
[2020/08/15 10:25:42 982] lgi        531  prot_ver=1  
[2020/08/15 10:25:42 982] lgi        542  prot_type=tcp  
[2020/08/15 10:25:42 983] lgi        693  SYS_MSG_UNLOAD  go bg!  
[2020/08/15 10:25:43 741] lgi        697  SYS_MSG_SHUTDOWN  
============================================================
Time  2020/10/05 19:30:18 704 
============================================================
[2020/10/05 19:30:18 704] lgi        684  SYS_MSG_LOAD  
[2020/10/05 19:30:18 706] lgi        706  SYS_MSG_REGCB  msp_status_cb  func(3c013690) 
[2020/10/05 19:30:18 706] lgi        298  LGI_MSG_INIT  
[2020/10/05 19:30:18 706] lgi        305  lgi  lgi_  268436457  1573451739  
[2020/10/05 19:30:18 706] lgi        347  work_dir  .  
[2020/10/05 19:30:18 706] lgi        403  token:  nil  
[2020/10/05 19:30:18 706] lgi        476  msc cver : 5.0.44.1288  
[2020/10/05 19:30:18 707] lgi        519  ns_enable=  1  
[2020/10/05 19:30:18 707] lgi        531  prot_ver=1  
[2020/10/05 19:30:18 707] lgi        542  prot_type=tcp  
[2020/10/05 19:30:18 707] lgi        693  SYS_MSG_UNLOAD  go bg!  
[2020/10/05 19:30:19 173] lgi        697  SYS_MSG_SHUTDOWN  
============================================================
Time  2020/10/05 19:32:55 733 
============================================================
[2020/10/05 19:32:55 733] lgi        684  SYS_MSG_LOAD  
[2020/10/05 19:32:55 735] lgi        706  SYS_MSG_REGCB  msp_status_cb  func(b8013690) 
[2020/10/05 19:32:55 736] lgi        298  LGI_MSG_INIT  
[2020/10/05 19:32:55 736] lgi        305  lgi  lgi_  268436457  1573451739  
[2020/10/05 19:32:55 736] lgi        347  work_dir  .  
[2020/10/05 19:32:55 736] lgi        403  token:  nil  
[2020/10/05 19:32:55 737] lgi        476  msc cver : 5.0.44.1288  
[2020/10/05 19:32:55 737] lgi        519  ns_enable=  1  
[2020/10/05 19:32:55 737] lgi        531  prot_ver=1  
[2020/10/05 19:32:55 737] lgi        542  prot_type=tcp  
[2020/10/05 19:32:55 738] lgi        693  SYS_MSG_UNLOAD  go bg!  
[2020/10/05 19:32:56 324] lgi        697  SYS_MSG_SHUTDOWN  
============================================================
Time  2020/10/05 19:41:19 110 
============================================================
[2020/10/05 19:41:19 110] lgi        684  SYS_MSG_LOAD  
[2020/10/05 19:41:19 114] lgi        706  SYS_MSG_REGCB  msp_status_cb  func(34013690) 
[2020/10/05 19:41:19 115] lgi        298  LGI_MSG_INIT  
[2020/10/05 19:41:19 115] lgi        305  lgi  lgi_  268436457  1573451739  
[2020/10/05 19:41:19 115] lgi        347  work_dir  .  
[2020/10/05 19:41:19 116] lgi        403  token:  nil  
[2020/10/05 19:41:19 116] lgi        476  msc cver : 5.0.44.1288  
[2020/10/05 19:41:19 116] lgi        519  ns_enable=  1  
[2020/10/05 19:41:19 116] lgi        531  prot_ver=1  
[2020/10/05 19:41:19 116] lgi        542  prot_type=tcp  
[2020/10/05 19:41:19 118] lgi        693  SYS_MSG_UNLOAD  go bg!  
[2020/10/05 19:41:19 608] lgi        697  SYS_MSG_SHUTDOWN  
============================================================
Time  2020/10/05 19:42:36 665 
============================================================
[2020/10/05 19:42:36 666] lgi        684  SYS_MSG_LOAD  
[2020/10/05 19:42:36 669] lgi        706  SYS_MSG_REGCB  msp_status_cb  func(bc013690) 
[2020/10/05 19:42:36 669] lgi        298  LGI_MSG_INIT  
[2020/10/05 19:42:36 671] lgi        305  lgi  lgi_  268436457  1573451739  
[2020/10/05 19:42:36 672] lgi        347  work_dir  .  
[2020/10/05 19:42:36 672] lgi        403  token:  nil  
[2020/10/05 19:42:36 672] lgi        476  msc cver : 5.0.44.1288  
[2020/10/05 19:42:36 672] lgi        519  ns_enable=  1  
[2020/10/05 19:42:36 672] lgi        531  prot_ver=1  
[2020/10/05 19:42:36 672] lgi        542  prot_type=tcp  
[2020/10/05 19:42:36 674] lgi        693  SYS_MSG_UNLOAD  go bg!  
[2020/10/05 19:42:37 149] lgi        697  SYS_MSG_SHUTDOWN  
============================================================
Time  2020/10/05 20:35:56 323 
============================================================
[2020/10/05 20:35:56 324] lgi        684  SYS_MSG_LOAD  
[2020/10/05 20:35:56 327] lgi        706  SYS_MSG_REGCB  msp_status_cb  func(d8013690) 
[2020/10/05 20:35:56 328] lgi        298  LGI_MSG_INIT  
[2020/10/05 20:35:56 328] lgi        305  lgi  lgi_  268436457  1573451739  
[2020/10/05 20:35:56 329] lgi        347  work_dir  .  
[2020/10/05 20:35:56 329] lgi        403  token:  nil  
[2020/10/05 20:35:56 329] lgi        476  msc cver : 5.0.44.1288  
[2020/10/05 20:35:56 329] lgi        519  ns_enable=  1  
[2020/10/05 20:35:56 330] lgi        531  prot_ver=1  
[2020/10/05 20:35:56 330] lgi        542  prot_type=tcp  
[2020/10/05 20:35:56 331] lgi        693  SYS_MSG_UNLOAD  go bg!  
[2020/10/05 20:35:56 896] lgi        697  SYS_MSG_SHUTDOWN  
============================================================
Time  2020/10/05 20:37:06 782 
============================================================
[2020/10/05 20:37:06 782] lgi        684  SYS_MSG_LOAD  
[2020/10/05 20:37:06 786] lgi        706  SYS_MSG_REGCB  msp_status_cb  func(20013690) 
[2020/10/05 20:37:06 787] lgi        298  LGI_MSG_INIT  
[2020/10/05 20:37:06 787] lgi        305  lgi  lgi_  268436457  1573451739  
[2020/10/05 20:37:06 788] lgi        347  work_dir  .  
[2020/10/05 20:37:06 789] lgi        403  token:  nil  
[2020/10/05 20:37:06 789] lgi        476  msc cver : 5.0.44.1288  
[2020/10/05 20:37:06 789] lgi        519  ns_enable=  1  
[2020/10/05 20:37:06 789] lgi        531  prot_ver=1  
[2020/10/05 20:37:06 790] lgi        542  prot_type=tcp  
[2020/10/05 20:37:06 791] lgi        693  SYS_MSG_UNLOAD  go bg!  
[2020/10/05 20:37:06 956] lgi        697  SYS_MSG_SHUTDOWN  
============================================================
Time  2020/10/05 20:39:29 846 
============================================================
[2020/10/05 20:39:29 846] lgi        684  SYS_MSG_LOAD  
[2020/10/05 20:39:29 850] lgi        706  SYS_MSG_REGCB  msp_status_cb  func(840136b0) 
[2020/10/05 20:39:29 850] lgi        298  LGI_MSG_INIT  
[2020/10/05 20:39:29 850] lgi        305  lgi  lgi_  268436457  1573451739  
[2020/10/05 20:39:29 851] lgi        347  work_dir  .  
[2020/10/05 20:39:29 851] lgi        403  token:  nil  
[2020/10/05 20:39:29 851] lgi        476  msc cver : 5.0.44.1288  
[2020/10/05 20:39:29 851] lgi        519  ns_enable=  1  
[2020/10/05 20:39:29 852] lgi        531  prot_ver=1  
[2020/10/05 20:39:29 852] lgi        542  prot_type=tcp  
[2020/10/05 20:39:29 853] lgi        693  SYS_MSG_UNLOAD  go bg!  
[2020/10/05 20:39:30 008] lgi        697  SYS_MSG_SHUTDOWN  
============================================================
Time  2020/10/05 20:40:09 215 
============================================================
[2020/10/05 20:40:09 215] lgi        684  SYS_MSG_LOAD  
[2020/10/05 20:40:09 221] lgi        706  SYS_MSG_REGCB  msp_status_cb  func(4013690) 
[2020/10/05 20:40:09 221] lgi        298  LGI_MSG_INIT  
[2020/10/05 20:40:09 222] lgi        305  lgi  lgi_  268436457  1573451739  
[2020/10/05 20:40:09 222] lgi        347  work_dir  .  
[2020/10/05 20:40:09 222] lgi        403  token:  nil  
[2020/10/05 20:40:09 223] lgi        476  msc cver : 5.0.44.1288  
[2020/10/05 20:40:09 223] lgi        519  ns_enable=  1  
[2020/10/05 20:40:09 223] lgi        531  prot_ver=1  
[2020/10/05 20:40:09 224] lgi        542  prot_type=tcp  
[2020/10/05 20:40:09 226] lgi        693  SYS_MSG_UNLOAD  go bg!  
[2020/10/05 20:40:09 750] lgi        697  SYS_MSG_SHUTDOWN  
============================================================
Time  2020/10/05 20:42:02 407 
============================================================
[2020/10/05 20:42:02 407] lgi        684  SYS_MSG_LOAD  
[2020/10/05 20:42:02 410] lgi        706  SYS_MSG_REGCB  msp_status_cb  func(400136b0) 
[2020/10/05 20:42:02 410] lgi        298  LGI_MSG_INIT  
[2020/10/05 20:42:02 411] lgi        305  lgi  lgi_  268436457  1573451739  
[2020/10/05 20:42:02 411] lgi        347  work_dir  .  
[2020/10/05 20:42:02 411] lgi        403  token:  nil  
[2020/10/05 20:42:02 411] lgi        476  msc cver : 5.0.44.1288  
[2020/10/05 20:42:02 412] lgi        519  ns_enable=  1  
[2020/10/05 20:42:02 412] lgi        531  prot_ver=1  
[2020/10/05 20:42:02 412] lgi        542  prot_type=tcp  
[2020/10/05 20:42:02 413] lgi        693  SYS_MSG_UNLOAD  go bg!  
[2020/10/05 20:42:02 909] lgi        697  SYS_MSG_SHUTDOWN  
